=== BATCH START 18-06-2025 11:13:02.55 === 
Testing Node.js... 
v20.19.2
Changing directory... 
Starting Node script... 
Command: "C:\Program Files\nodejs\node.exe" native_bridge.js 
=== BATCH START 18-06-2025 11:15:39.97 === 
Testing Node.js... 
Changing directory... 
Starting Node script... 
Command: "C:\Program Files\nodejs\node.exe" native_bridge.js 
Script ended with code 0 at 11:15:40.01 
=== BATCH START 18-06-2025 11:15:41.02 === 
Testing Node.js... 
Changing directory... 
Starting Node script... 
Command: "C:\Program Files\nodejs\node.exe" native_bridge.js 
Script ended with code 0 at 11:15:41.06 
=== BATCH START 18-06-2025 11:15:41.86 === 
Testing Node.js... 
Changing directory... 
Starting Node script... 
Command: "C:\Program Files\nodejs\node.exe" native_bridge.js 
Script ended with code 0 at 11:15:41.90 
=== BATCH START 18-06-2025 11:15:42.95 === 
Testing Node.js... 
Changing directory... 
Starting Node script... 
Command: "C:\Program Files\nodejs\node.exe" native_bridge.js 
Script ended with code 0 at 11:15:42.98 
=== BATCH START 18-06-2025 11:15:45.04 === 
Testing Node.js... 
v20.19.2
Changing directory... 
Starting Node script... 
Command: "C:\Program Files\nodejs\node.exe" native_bridge.js 
=== BATCH START 18-06-2025 11:15:48.64 === 
Testing Node.js... 
Changing directory... 
Starting Node script... 
Command: "C:\Program Files\nodejs\node.exe" native_bridge.js 
Script ended with code 0 at 11:15:48.69 
=== BATCH START 18-06-2025 11:15:49.52 === 
Testing Node.js... 
Changing directory... 
Starting Node script... 
Command: "C:\Program Files\nodejs\node.exe" native_bridge.js 
Script ended with code 0 at 11:15:49.58 
=== BATCH START 18-06-2025 11:15:49.73 === 
Testing Node.js... 
Changing directory... 
Starting Node script... 
Command: "C:\Program Files\nodejs\node.exe" native_bridge.js 
Script ended with code 0 at 11:15:49.78 
=== BATCH START 18-06-2025 11:15:49.96 === 
Testing Node.js... 
Changing directory... 
Starting Node script... 
Command: "C:\Program Files\nodejs\node.exe" native_bridge.js 
Script ended with code 0 at 11:15:50.01 
=== BATCH START 18-06-2025 11:15:50.19 === 
Testing Node.js... 
Changing directory... 
Starting Node script... 
Command: "C:\Program Files\nodejs\node.exe" native_bridge.js 
Script ended with code 0 at 11:15:50.24 
=== BATCH START 18-06-2025 11:15:50.42 === 
Testing Node.js... 
Changing directory... 
Starting Node script... 
Command: "C:\Program Files\nodejs\node.exe" native_bridge.js 
Script ended with code 0 at 11:15:50.47 
=== BATCH START 18-06-2025 11:15:50.64 === 
Testing Node.js... 
Changing directory... 
Starting Node script... 
Command: "C:\Program Files\nodejs\node.exe" native_bridge.js 
Script ended with code 0 at 11:15:50.68 
=== BATCH START 18-06-2025 11:15:51.74 === 
Testing Node.js... 
Changing directory... 
Starting Node script... 
Command: "C:\Program Files\nodejs\node.exe" native_bridge.js 
Script ended with code 0 at 11:15:51.78 
=== BATCH START 18-06-2025 11:15:53.85 === 
Testing Node.js... 
v20.19.2
Changing directory... 
Starting Node script... 
Command: "C:\Program Files\nodejs\node.exe" native_bridge.js 
=== BATCH START 18-06-2025 11:17:27.25 === 
Testing Node.js... 
Changing directory... 
Starting Node script... 
Command: "C:\Program Files\nodejs\node.exe" native_bridge.js 
Script ended with code 0 at 11:17:27.28 
=== BATCH START 18-06-2025 11:17:28.23 === 
Testing Node.js... 
Changing directory... 
Starting Node script... 
Command: "C:\Program Files\nodejs\node.exe" native_bridge.js 
Script ended with code 0 at 11:17:28.27 
=== BATCH START 18-06-2025 11:28:33.81 === 
Testing Node.js... 
v20.19.2
Changing directory... 
Starting Node script... 
Command: "C:\Program Files\nodejs\node.exe" native_bridge.js 
=== BATCH START 18-06-2025 11:28:34.81 === 
Testing Node.js... 
Changing directory... 
Starting Node script... 
Command: "C:\Program Files\nodejs\node.exe" native_bridge.js 
Script ended with code 0 at 11:28:34.85 
=== BATCH START 18-06-2025 11:29:34.88 === 
Testing Node.js... 
Changing directory... 
Starting Node script... 
Command: "C:\Program Files\nodejs\node.exe" native_bridge.js 
Script ended with code 0 at 11:29:34.92 
=== BATCH START 18-06-2025 11:29:39.97 === 
Testing Node.js... 
v20.19.2
Changing directory... 
Starting Node script... 
Command: "C:\Program Files\nodejs\node.exe" native_bridge.js 
=== BATCH START 18-06-2025 11:30:32.87 === 
Testing Node.js... 
Changing directory... 
Starting Node script... 
Command: "C:\Program Files\nodejs\node.exe" native_bridge.js 
Script ended with code 0 at 11:30:32.90 
=== BATCH START 18-06-2025 11:30:37.96 === 
Testing Node.js... 
Changing directory... 
Starting Node script... 
Command: "C:\Program Files\nodejs\node.exe" native_bridge.js 
Script ended with code 0 at 11:30:37.99 
=== BATCH START 18-06-2025 11:30:43.06 === 
Testing Node.js... 
v20.19.2
Changing directory... 
Starting Node script... 
Command: "C:\Program Files\nodejs\node.exe" native_bridge.js 
=== BATCH START 18-06-2025 11:30:55.20 === 
Testing Node.js... 
Changing directory... 
Starting Node script... 
Command: "C:\Program Files\nodejs\node.exe" native_bridge.js 
Script ended with code 0 at 11:30:55.24 
=== BATCH START 18-06-2025 11:31:00.29 === 
Testing Node.js... 
v20.19.2
Changing directory... 
Starting Node script... 
Command: "C:\Program Files\nodejs\node.exe" native_bridge.js 
=== BATCH START 18-06-2025 11:31:53.19 === 
Testing Node.js... 
Changing directory... 
Starting Node script... 
Command: "C:\Program Files\nodejs\node.exe" native_bridge.js 
Script ended with code 0 at 11:31:53.24 
=== BATCH START 18-06-2025 11:31:58.31 === 
Testing Node.js... 
Changing directory... 
Starting Node script... 
Command: "C:\Program Files\nodejs\node.exe" native_bridge.js 
Script ended with code 0 at 11:31:58.36 
=== BATCH START 18-06-2025 11:32:03.43 === 
Testing Node.js... 
v20.19.2
Changing directory... 
Starting Node script... 
Command: "C:\Program Files\nodejs\node.exe" native_bridge.js 
=== BATCH START 18-06-2025 11:32:53.18 === 
Testing Node.js... 
Changing directory... 
Starting Node script... 
Command: "C:\Program Files\nodejs\node.exe" native_bridge.js 
Script ended with code 0 at 11:32:53.22 
=== BATCH START 18-06-2025 11:32:58.28 === 
Testing Node.js... 
Changing directory... 
Starting Node script... 
Command: "C:\Program Files\nodejs\node.exe" native_bridge.js 
Script ended with code 0 at 11:32:58.33 
=== BATCH START 18-06-2025 11:33:03.38 === 
Testing Node.js... 
v20.19.2
Changing directory... 
Starting Node script... 
Command: "C:\Program Files\nodejs\node.exe" native_bridge.js 
=== BATCH START 18-06-2025 11:39:06.15 === 
Testing Node.js... 
Changing directory... 
Starting Node script... 
Command: "C:\Program Files\nodejs\node.exe" native_bridge.js 
Script ended with code 0 at 11:39:06.19 
=== BATCH START 18-06-2025 11:39:11.25 === 
Testing Node.js... 
v20.19.2
Changing directory... 
Starting Node script... 
Command: "C:\Program Files\nodejs\node.exe" native_bridge.js 
=== BATCH START 18-06-2025 11:40:04.16 === 
Testing Node.js... 
Changing directory... 
Starting Node script... 
Command: "C:\Program Files\nodejs\node.exe" native_bridge.js 
Script ended with code 0 at 11:40:04.21 
=== BATCH START 18-06-2025 11:40:09.28 === 
Testing Node.js... 
Changing directory... 
Starting Node script... 
Command: "C:\Program Files\nodejs\node.exe" native_bridge.js 
Script ended with code 0 at 11:40:09.33 
=== BATCH START 18-06-2025 11:40:14.40 === 
Testing Node.js... 
v20.19.2
Changing directory... 
Starting Node script... 
Command: "C:\Program Files\nodejs\node.exe" native_bridge.js 
=== BATCH START 18-06-2025 11:41:04.16 === 
Testing Node.js... 
Changing directory... 
Starting Node script... 
Command: "C:\Program Files\nodejs\node.exe" native_bridge.js 
Script ended with code 0 at 11:41:04.19 
=== BATCH START 18-06-2025 11:41:09.25 === 
Testing Node.js... 
Changing directory... 
Starting Node script... 
Command: "C:\Program Files\nodejs\node.exe" native_bridge.js 
Script ended with code 0 at 11:41:09.29 
=== BATCH START 18-06-2025 11:41:14.34 === 
Testing Node.js... 
v20.19.2
Changing directory... 
Starting Node script... 
Command: "C:\Program Files\nodejs\node.exe" native_bridge.js 
=== BATCH START 18-06-2025 11:42:28.37 === 
Testing Node.js... 
Changing directory... 
Starting Node script... 
Command: "C:\Program Files\nodejs\node.exe" native_bridge.js 
Script ended with code 0 at 11:42:28.41 
=== BATCH START 18-06-2025 11:42:29.38 === 
Testing Node.js... 
Changing directory... 
Starting Node script... 
Command: "C:\Program Files\nodejs\node.exe" native_bridge.js 
Script ended with code 0 at 11:42:29.42 
=== BATCH START 18-06-2025 11:42:57.38 === 
Testing Node.js... 
v20.19.2
Changing directory... 
Starting Node script... 
Command: "C:\Program Files\nodejs\node.exe" native_bridge.js 
=== BATCH START 18-06-2025 11:43:27.39 === 
Testing Node.js... 
Changing directory... 
Starting Node script... 
Command: "C:\Program Files\nodejs\node.exe" native_bridge.js 
Script ended with code 0 at 11:43:27.44 
=== BATCH START 18-06-2025 11:43:57.40 === 
Testing Node.js... 
Changing directory... 
Starting Node script... 
Command: "C:\Program Files\nodejs\node.exe" native_bridge.js 
Script ended with code 0 at 11:43:57.45 
=== BATCH START 18-06-2025 11:44:27.37 === 
Testing Node.js... 
Changing directory... 
Starting Node script... 
Command: "C:\Program Files\nodejs\node.exe" native_bridge.js 
Script ended with code 0 at 11:44:27.41 
=== BATCH START 18-06-2025 11:44:57.39 === 
Testing Node.js... 
Changing directory... 
Starting Node script... 
Command: "C:\Program Files\nodejs\node.exe" native_bridge.js 
Script ended with code 0 at 11:44:57.44 
=== BATCH START 18-06-2025 11:45:27.38 === 
Testing Node.js... 
Changing directory... 
Starting Node script... 
Command: "C:\Program Files\nodejs\node.exe" native_bridge.js 
Script ended with code 0 at 11:45:27.44 
=== BATCH START 18-06-2025 11:45:57.39 === 
Testing Node.js... 
Changing directory... 
Starting Node script... 
Command: "C:\Program Files\nodejs\node.exe" native_bridge.js 
Script ended with code 0 at 11:45:57.43 
=== BATCH START 18-06-2025 11:46:27.38 === 
Testing Node.js... 
Changing directory... 
Starting Node script... 
Command: "C:\Program Files\nodejs\node.exe" native_bridge.js 
Script ended with code 0 at 11:46:27.41 
